#
# There is insufficient memory for the Java Runtime Environment to continue.
# Native memory allocation (malloc) failed to allocate 2036848 bytes for Chunk::new
# Possible reasons:
#   The system is out of physical RAM or swap space
#   In 32 bit mode, the process size limit was hit
# Possible solutions:
#   Reduce memory load on the system
#   Increase physical memory or swap space
#   Check if swap backing store is full
#   Use 64 bit Java on a 64 bit OS
#   Decrease Java heap size (-Xmx/-Xms)
#   Decrease number of Java threads
#   Decrease Java thread stack sizes (-Xss)
#   Set larger code cache with -XX:ReservedCodeCacheSize=
# This output file may be truncated or incomplete.
#
#  Out of Memory Error (allocation.cpp:390), pid=21368, tid=0x0000000000000a54
#
# JRE version: Java(TM) SE Runtime Environment (8.0_121-b13) (build 1.8.0_121-b13)
# Java VM: Java HotSpot(TM) 64-Bit Server VM (25.121-b13 mixed mode windows-amd64 compressed oops)
# Failed to write core dump. Minidumps are not enabled by default on client versions of Windows
#

---------------  T H R E A D  ---------------

Current thread (0x000000001e7d4800):  JavaThread "C2 CompilerThread0" daemon [_thread_in_native, id=2644, stack(0x000000001efd0000,0x000000001f0d0000)]

Stack: [0x000000001efd0000,0x000000001f0d0000]
[error occurred during error reporting (printing stack bounds), id 0xc0000005]

Native frames: (J=compiled Java code, j=interpreted, Vv=VM code, C=native code)


Current CompileTask:
C2:18952062 9707       4       java.net.URLClassLoader$1::run (5 bytes)


---------------  P R O C E S S  ---------------

Java Threads: ( => current thread )
  0x00000000205d9800 JavaThread "restartedMain" [_thread_in_Java, id=25492, stack(0x0000000000f30000,0x0000000001030000)]
  0x00000000205db000 JavaThread "Thread-5" [_thread_blocked, id=14540, stack(0x000000002bd90000,0x000000002be90000)]
  0x000000002583e800 JavaThread "DestroyJavaVM" [_thread_blocked, id=8124, stack(0x0000000002d10000,0x0000000002e10000)]
  0x0000000025840800 JavaThread "Live Reload Server" daemon [_thread_in_native, id=12412, stack(0x0000000029f20000,0x000000002a020000)]
  0x0000000022bda800 JavaThread "mysql-cj-abandoned-connection-cleanup" daemon [_thread_blocked, id=10400, stack(0x0000000021d70000,0x0000000021e70000)]
  0x000000001fda2800 JavaThread "RMI TCP Accept-0" daemon [_thread_in_native, id=14668, stack(0x0000000020210000,0x0000000020310000)]
  0x000000001fc84800 JavaThread "RMI TCP Accept-64003" daemon [_thread_in_native, id=19316, stack(0x0000000020110000,0x0000000020210000)]
  0x000000001fcf4000 JavaThread "RMI TCP Accept-0" daemon [_thread_in_native, id=4912, stack(0x0000000020010000,0x0000000020110000)]
  0x000000001e87e000 JavaThread "Service Thread" daemon [_thread_blocked, id=20088, stack(0x000000001f3d0000,0x000000001f4d0000)]
  0x000000001e7e6000 JavaThread "C1 CompilerThread3" daemon [_thread_blocked, id=18380, stack(0x000000001f2d0000,0x000000001f3d0000)]
  0x000000001e7dc000 JavaThread "C2 CompilerThread2" daemon [_thread_blocked, id=8832, stack(0x000000001f1d0000,0x000000001f2d0000)]
  0x000000001e7d6800 JavaThread "C2 CompilerThread1" daemon [_thread_in_native, id=16504, stack(0x000000001f0d0000,0x000000001f1d0000)]
=>0x000000001e7d4800 JavaThread "C2 CompilerThread0" daemon [_thread_in_native, id=2644, stack(0x000000001efd0000,0x000000001f0d0000)]
  0x000000001e7ce000 JavaThread "Attach Listener" daemon [_thread_blocked, id=5532, stack(0x000000001eed0000,0x000000001efd0000)]
  0x000000001e7cb000 JavaThread "Signal Dispatcher" daemon [_thread_blocked, id=16632, stack(0x000000001edd0000,0x000000001eed0000)]
  0x0000000002fbd800 JavaThread "Finalizer" daemon [_thread_blocked, id=21608, stack(0x000000001eba0000,0x000000001eca0000)]
  0x000000001c8ad800 JavaThread "Reference Handler" daemon [_thread_blocked, id=19840, stack(0x000000001e6a0000,0x000000001e7a0000)]

Other Threads:
  0x000000001c8a9000 VMThread [stack: 0x000000001e5a0000,0x000000001e6a0000] [id=15660]
  0x000000001fd84800 WatcherThread [stack: 0x0000000020480000,0x0000000020580000] [id=17524]

VM state:not at safepoint (normal execution)

VM Mutex/Monitor currently owned by a thread: None

Heap:
 PSYoungGen      total 254464K, used 72768K [0x000000076bf80000, 0x000000077f580000, 0x00000007c0000000)
  eden space 244736K, 29% used [0x000000076bf80000,0x00000007706902a8,0x000000077ae80000)
  from space 9728K, 0% used [0x000000077ec00000,0x000000077ec00000,0x000000077f580000)
  to   space 16384K, 0% used [0x000000077d580000,0x000000077d580000,0x000000077e580000)
 ParOldGen       total 220672K, used 25571K [0x00000006c3e00000, 0x00000006d1580000, 0x000000076bf80000)
  object space 220672K, 11% used [0x00000006c3e00000,0x00000006c56f8e28,0x00000006d1580000)
 Metaspace       used 70944K, capacity 75142K, committed 75480K, reserved 1114112K
  class space    used 9462K, capacity 10166K, committed 10240K, reserved 1048576K

Card table byte_map: [0x0000000012380000,0x0000000012b70000] byte_map_base: 0x000000000ed61000

Marking Bits: (ParMarkBitMap*) 0x0000000074fdb6d0
 Begin Bits: [0x00000000138c0000, 0x00000000177c8000)
 End Bits:   [0x00000000177c8000, 0x000000001b6d0000)

Polling page: 0x0000000001380000

CodeCache: size=245760Kb used=25875Kb max_used=25887Kb free=219884Kb
 bounds [0x0000000002fc0000, 0x0000000004930000, 0x0000000011fc0000]
 total_blobs=8799 nmethods=8195 adapters=515
 compilation: enabled

Compilation events (10 events):
Event: 18952.054 Thread 0x000000001e7dc000 nmethod 9751 0x0000000004918d50 code [0x0000000004918ee0, 0x00000000049192c8]
Event: 18952.054 Thread 0x000000001e7dc000 9753       4       java.util.Collections$1::next (25 bytes)
Event: 18952.054 Thread 0x000000001e7dc000 nmethod 9753 0x000000000405a190 code [0x000000000405a2c0, 0x000000000405a358]
Event: 18952.054 Thread 0x000000001e7dc000 9743   !   4       sun.misc.URLClassPath::check (123 bytes)
Event: 18952.054 Thread 0x000000001e7e6000 9755       3       org.springframework.boot.autoconfigure.AutoConfigurationImportSelector$$Lambda$253/2129031777::test (12 bytes)
Event: 18952.055 Thread 0x000000001e7dc000 nmethod 9743 0x000000000408b050 code [0x000000000408b180, 0x000000000408b1f8]
Event: 18952.055 Thread 0x000000001e7e6000 nmethod 9755 0x0000000004916dd0 code [0x0000000004916fa0, 0x0000000004917608]
Event: 18952.055 Thread 0x000000001e7e6000 9756       3       org.springframework.boot.autoconfigure.AutoConfigurationImportSelector::shouldExclude (17 bytes)
Event: 18952.055 Thread 0x000000001e7dc000 9739       4       ch.qos.logback.classic.Logger::isDebugEnabled (77 bytes)
Event: 18952.056 Thread 0x000000001e7e6000 nmethod 9756 0x000000000491ae50 code [0x000000000491b000, 0x000000000491b508]

GC Heap History (10 events):
Event: 4495.763 GC heap before
{Heap before GC invocations=16 (full 3):
 PSYoungGen      total 278528K, used 278521K [0x000000076bf80000, 0x0000000781380000, 0x00000007c0000000)
  eden space 266240K, 100% used [0x000000076bf80000,0x000000077c380000,0x000000077c380000)
  from space 12288K, 99% used [0x0000000780780000,0x000000078137e400,0x0000000781380000)
  to   space 18432K, 0% used [0x000000077ef80000,0x000000077ef80000,0x0000000780180000)
 ParOldGen       total 220672K, used 28043K [0x00000006c3e00000, 0x00000006d1580000, 0x000000076bf80000)
  object space 220672K, 12% used [0x00000006c3e00000,0x00000006c5962fd8,0x00000006d1580000)
 Metaspace       used 70722K, capacity 74944K, committed 75224K, reserved 1114112K
  class space    used 9435K, capacity 10146K, committed 10240K, reserved 1048576K
Event: 4495.776 GC heap after
Heap after GC invocations=16 (full 3):
 PSYoungGen      total 269312K, used 10728K [0x000000076bf80000, 0x0000000780800000, 0x00000007c0000000)
  eden space 258560K, 0% used [0x000000076bf80000,0x000000076bf80000,0x000000077bc00000)
  from space 10752K, 99% used [0x000000077ef80000,0x000000077f9fa080,0x000000077fa00000)
  to   space 14336K, 0% used [0x000000077fa00000,0x000000077fa00000,0x0000000780800000)
 ParOldGen       total 220672K, used 28051K [0x00000006c3e00000, 0x00000006d1580000, 0x000000076bf80000)
  object space 220672K, 12% used [0x00000006c3e00000,0x00000006c5964fd8,0x00000006d1580000)
 Metaspace       used 70722K, capacity 74944K, committed 75224K, reserved 1114112K
  class space    used 9435K, capacity 10146K, committed 10240K, reserved 1048576K
}
Event: 5003.756 GC heap before
{Heap before GC invocations=17 (full 3):
 PSYoungGen      total 269312K, used 269288K [0x000000076bf80000, 0x0000000780800000, 0x00000007c0000000)
  eden space 258560K, 100% used [0x000000076bf80000,0x000000077bc00000,0x000000077bc00000)
  from space 10752K, 99% used [0x000000077ef80000,0x000000077f9fa080,0x000000077fa00000)
  to   space 14336K, 0% used [0x000000077fa00000,0x000000077fa00000,0x0000000780800000)
 ParOldGen       total 220672K, used 28051K [0x00000006c3e00000, 0x00000006d1580000, 0x000000076bf80000)
  object space 220672K, 12% used [0x00000006c3e00000,0x00000006c5964fd8,0x00000006d1580000)
 Metaspace       used 70730K, capacity 74944K, committed 75224K, reserved 1114112K
  class space    used 9435K, capacity 10146K, committed 10240K, reserved 1048576K
Event: 5003.784 GC heap after
Heap after GC invocations=17 (full 3):
 PSYoungGen      total 261632K, used 9784K [0x000000076bf80000, 0x0000000780400000, 0x00000007c0000000)
  eden space 251392K, 0% used [0x000000076bf80000,0x000000076bf80000,0x000000077b500000)
  from space 10240K, 95% used [0x000000077fa00000,0x000000078038e070,0x0000000780400000)
  to   space 17408K, 0% used [0x000000077e200000,0x000000077e200000,0x000000077f300000)
 ParOldGen       total 220672K, used 28059K [0x00000006c3e00000, 0x00000006d1580000, 0x000000076bf80000)
  object space 220672K, 12% used [0x00000006c3e00000,0x00000006c5966fd8,0x00000006d1580000)
 Metaspace       used 70730K, capacity 74944K, committed 75224K, reserved 1114112K
  class space    used 9435K, capacity 10146K, committed 10240K, reserved 1048576K
}
Event: 18934.802 GC heap before
{Heap before GC invocations=18 (full 3):
 PSYoungGen      total 261632K, used 261176K [0x000000076bf80000, 0x0000000780400000, 0x00000007c0000000)
  eden space 251392K, 100% used [0x000000076bf80000,0x000000077b500000,0x000000077b500000)
  from space 10240K, 95% used [0x000000077fa00000,0x000000078038e070,0x0000000780400000)
  to   space 17408K, 0% used [0x000000077e200000,0x000000077e200000,0x000000077f300000)
 ParOldGen       total 220672K, used 28059K [0x00000006c3e00000, 0x00000006d1580000, 0x000000076bf80000)
  object space 220672K, 12% used [0x00000006c3e00000,0x00000006c5966fd8,0x00000006d1580000)
 Metaspace       used 70736K, capacity 74944K, committed 75224K, reserved 1114112K
  class space    used 9436K, capacity 10146K, committed 10240K, reserved 1048576K
Event: 18934.817 GC heap after
Heap after GC invocations=18 (full 3):
 PSYoungGen      total 254976K, used 9816K [0x000000076bf80000, 0x000000077fa80000, 0x00000007c0000000)
  eden space 244736K, 0% used [0x000000076bf80000,0x000000076bf80000,0x000000077ae80000)
  from space 10240K, 95% used [0x000000077e200000,0x000000077eb96050,0x000000077ec00000)
  to   space 14848K, 0% used [0x000000077ec00000,0x000000077ec00000,0x000000077fa80000)
 ParOldGen       total 220672K, used 28067K [0x00000006c3e00000, 0x00000006d1580000, 0x000000076bf80000)
  object space 220672K, 12% used [0x00000006c3e00000,0x00000006c5968fd8,0x00000006d1580000)
 Metaspace       used 70736K, capacity 74944K, committed 75224K, reserved 1114112K
  class space    used 9436K, capacity 10146K, committed 10240K, reserved 1048576K
}
Event: 18948.811 GC heap before
{Heap before GC invocations=19 (full 3):
 PSYoungGen      total 254976K, used 21520K [0x000000076bf80000, 0x000000077fa80000, 0x00000007c0000000)
  eden space 244736K, 4% used [0x000000076bf80000,0x000000076caee398,0x000000077ae80000)
  from space 10240K, 95% used [0x000000077e200000,0x000000077eb96050,0x000000077ec00000)
  to   space 14848K, 0% used [0x000000077ec00000,0x000000077ec00000,0x000000077fa80000)
 ParOldGen       total 220672K, used 28067K [0x00000006c3e00000, 0x00000006d1580000, 0x000000076bf80000)
  object space 220672K, 12% used [0x00000006c3e00000,0x00000006c5968fd8,0x00000006d1580000)
 Metaspace       used 70833K, capacity 75072K, committed 75224K, reserved 1114112K
  class space    used 9454K, capacity 10161K, committed 10240K, reserved 1048576K
Event: 18948.853 GC heap after
Heap after GC invocations=19 (full 3):
 PSYoungGen      total 254464K, used 9248K [0x000000076bf80000, 0x000000077f580000, 0x00000007c0000000)
  eden space 244736K, 0% used [0x000000076bf80000,0x000000076bf80000,0x000000077ae80000)
  from space 9728K, 95% used [0x000000077ec00000,0x000000077f508050,0x000000077f580000)
  to   space 16384K, 0% used [0x000000077d580000,0x000000077d580000,0x000000077e580000)
 ParOldGen       total 220672K, used 28075K [0x00000006c3e00000, 0x00000006d1580000, 0x000000076bf80000)
  object space 220672K, 12% used [0x00000006c3e00000,0x00000006c596afd8,0x00000006d1580000)
 Metaspace       used 70833K, capacity 75072K, committed 75224K, reserved 1114112K
  class space    used 9454K, capacity 10161K, committed 10240K, reserved 1048576K
}
Event: 18948.853 GC heap before
{Heap before GC invocations=20 (full 4):
 PSYoungGen      total 254464K, used 9248K [0x000000076bf80000, 0x000000077f580000, 0x00000007c0000000)
  eden space 244736K, 0% used [0x000000076bf80000,0x000000076bf80000,0x000000077ae80000)
  from space 9728K, 95% used [0x000000077ec00000,0x000000077f508050,0x000000077f580000)
  to   space 16384K, 0% used [0x000000077d580000,0x000000077d580000,0x000000077e580000)
 ParOldGen       total 220672K, used 28075K [0x00000006c3e00000, 0x00000006d1580000, 0x000000076bf80000)
  object space 220672K, 12% used [0x00000006c3e00000,0x00000006c596afd8,0x00000006d1580000)
 Metaspace       used 70833K, capacity 75072K, committed 75224K, reserved 1114112K
  class space    used 9454K, capacity 10161K, committed 10240K, reserved 1048576K
Event: 18949.308 GC heap after
Heap after GC invocations=20 (full 4):
 PSYoungGen      total 254464K, used 0K [0x000000076bf80000, 0x000000077f580000, 0x00000007c0000000)
  eden space 244736K, 0% used [0x000000076bf80000,0x000000076bf80000,0x000000077ae80000)
  from space 9728K, 0% used [0x000000077ec00000,0x000000077ec00000,0x000000077f580000)
  to   space 16384K, 0% used [0x000000077d580000,0x000000077d580000,0x000000077e580000)
 ParOldGen       total 220672K, used 25571K [0x00000006c3e00000, 0x00000006d1580000, 0x000000076bf80000)
  object space 220672K, 11% used [0x00000006c3e00000,0x00000006c56f8e28,0x00000006d1580000)
 Metaspace       used 70546K, capacity 74614K, committed 75224K, reserved 1114112K
  class space    used 9408K, capacity 10076K, committed 10240K, reserved 1048576K
}

Deoptimization events (10 events):
Event: 18949.438 Thread 0x00000000205d9800 Uncommon trap: reason=bimorphic action=maybe_recompile pc=0x000000000417f86c method=java.util.stream.AbstractPipeline.spliterator()Ljava/util/Spliterator; @ 112
Event: 18949.443 Thread 0x00000000205d9800 Uncommon trap: reason=bimorphic action=maybe_recompile pc=0x000000000447cfe0 method=java.util.AbstractSet.equals(Ljava/lang/Object;)Z @ 22
Event: 18949.444 Thread 0x00000000205d9800 Uncommon trap: reason=bimorphic action=maybe_recompile pc=0x000000000447cfe0 method=java.util.AbstractSet.equals(Ljava/lang/Object;)Z @ 22
Event: 18949.444 Thread 0x00000000205d9800 Uncommon trap: reason=bimorphic action=maybe_recompile pc=0x000000000447cfe0 method=java.util.AbstractSet.equals(Ljava/lang/Object;)Z @ 22
Event: 18949.492 Thread 0x00000000205d9800 Uncommon trap: reason=bimorphic action=maybe_recompile pc=0x00000000038921dc method=java.util.Collections$SetFromMap.contains(Ljava/lang/Object;)Z @ 5
Event: 18949.510 Thread 0x00000000205d9800 Uncommon trap: reason=unstable_if action=reinterpret pc=0x00000000044a4484 method=org.springframework.beans.factory.support.AbstractAutowireCapableBeanFactory.getTypeForFactoryBean(Ljava/lang/String;Lorg/springframework/beans/factory/support/RootBeanDefin
Event: 18949.529 Thread 0x00000000205d9800 Uncommon trap: reason=null_check action=make_not_entrant pc=0x00000000041b7390 method=java.lang.Class.reflectionData()Ljava/lang/Class$ReflectionData; @ 24
Event: 18949.531 Thread 0x00000000205d9800 Uncommon trap: reason=null_check action=make_not_entrant pc=0x000000000442f9c0 method=java.lang.Class.reflectionData()Ljava/lang/Class$ReflectionData; @ 24
Event: 18950.811 Thread 0x00000000205d9800 Uncommon trap: reason=unstable_if action=reinterpret pc=0x0000000004799320 method=org.springframework.core.annotation.TypeMappedAnnotations$IsPresent.doWithAnnotations(Ljava/lang/Object;ILjava/lang/Object;[Ljava/lang/annotation/Annotation;)Ljava/lang/Bool
Event: 18951.363 Thread 0x00000000205d9800 Uncommon trap: reason=unstable_if action=reinterpret pc=0x00000000037141a0 method=org.springframework.boot.autoconfigure.AutoConfigurationSorter$AutoConfigurationClass.getBefore()Ljava/util/Set; @ 4

Internal exceptions (10 events):
Event: 18948.810 Thread 0x00000000205db000 Implicit null exception at 0x0000000003a496e2 to 0x0000000003a49b51
Event: 18948.811 Thread 0x00000000205db000 Implicit null exception at 0x000000000359a56c to 0x000000000359a5a1
Event: 18949.372 Thread 0x00000000205d9800 Implicit null exception at 0x000000000379e6de to 0x000000000379f3e5
Event: 18949.373 Thread 0x00000000205d9800 Implicit null exception at 0x000000000403b67a to 0x000000000403bc35
Event: 18949.374 Thread 0x00000000205d9800 Implicit null exception at 0x0000000003a813a5 to 0x0000000003a81941
Event: 18949.376 Thread 0x00000000205d9800 Implicit null exception at 0x0000000004055a1a to 0x0000000004055fd9
Event: 18949.384 Thread 0x00000000205d9800 Exception <a 'java/io/FileNotFoundException'> (0x000000076c2d61c0) thrown at [C:\re\workspace\8-2-build-windows-amd64-cygwin\jdk8u121\8372\hotspot\src\share\vm\prims\jni.cpp, line 709]
Event: 18949.435 Thread 0x00000000205d9800 Implicit null exception at 0x000000000412273e to 0x0000000004122f85
Event: 18949.529 Thread 0x00000000205d9800 Implicit null exception at 0x00000000041b18c0 to 0x00000000041b7361
Event: 18949.531 Thread 0x00000000205d9800 Implicit null exception at 0x000000000442ebc4 to 0x000000000442f99d

Events (10 events):
Event: 18952.047 loading class io/undertow/Undertow
Event: 18952.047 loading class io/undertow/Undertow done
Event: 18952.048 loading class org/xnio/SslClientAuthMode
Event: 18952.048 loading class org/xnio/SslClientAuthMode done
Event: 18952.048 loading class org/eclipse/jetty/server/Server
Event: 18952.048 loading class org/eclipse/jetty/server/Server done
Event: 18952.048 loading class org/eclipse/jetty/util/Loader
Event: 18952.048 loading class org/eclipse/jetty/util/Loader done
Event: 18952.049 loading class org/eclipse/jetty/webapp/WebAppContext
Event: 18952.049 loading class org/eclipse/jetty/webapp/WebAppContext done


Dynamic libraries:
0x00007ff661cf0000 - 0x00007ff661d27000 	C:\Program Files\Java\jdk1.8.0_121\bin\javaw.exe
0x00007ffbeba70000 - 0x00007ffbebc67000 	C:\WINDOWS\SYSTEM32\ntdll.dll
0x00007ffbeaeb0000 - 0x00007ffbeaf6d000 	C:\WINDOWS\System32\KERNEL32.DLL
0x00007ffbe9530000 - 0x00007ffbe97fd000 	C:\WINDOWS\System32\KERNELBASE.dll
0x00007ffbeac20000 - 0x00007ffbeacce000 	C:\WINDOWS\System32\ADVAPI32.dll
0x00007ffbea710000 - 0x00007ffbea7ae000 	C:\WINDOWS\System32\msvcrt.dll
0x00007ffbe9dd0000 - 0x00007ffbe9e6c000 	C:\WINDOWS\System32\sechost.dll
0x00007ffbead40000 - 0x00007ffbeae65000 	C:\WINDOWS\System32\RPCRT4.dll
0x00007ffbe9aa0000 - 0x00007ffbe9c40000 	C:\WINDOWS\System32\USER32.dll
0x00007ffbe9200000 - 0x00007ffbe9222000 	C:\WINDOWS\System32\win32u.dll
0x00007ffbea610000 - 0x00007ffbea63a000 	C:\WINDOWS\System32\GDI32.dll
0x00007ffbe9420000 - 0x00007ffbe952b000 	C:\WINDOWS\System32\gdi32full.dll
0x00007ffbe9330000 - 0x00007ffbe93cd000 	C:\WINDOWS\System32\msvcp_win.dll
0x00007ffbe9230000 - 0x00007ffbe9330000 	C:\WINDOWS\System32\ucrtbase.dll
0x00007ffbd1240000 - 0x00007ffbd14da000 	C:\WINDOWS\WinSxS\amd64_microsoft.windows.common-controls_6595b64144ccf1df_6.0.19041.1110_none_60b5254171f9507e\COMCTL32.dll
0x00007ffbeae80000 - 0x00007ffbeaeb0000 	C:\WINDOWS\System32\IMM32.DLL
0x0000000075060000 - 0x0000000075132000 	C:\Program Files\Java\jdk1.8.0_121\jre\bin\msvcr100.dll
0x00000000747c0000 - 0x000000007505b000 	C:\Program Files\Java\jdk1.8.0_121\jre\bin\server\jvm.dll
0x00007ffbe9e70000 - 0x00007ffbe9e78000 	C:\WINDOWS\System32\PSAPI.DLL
0x00007ffbde240000 - 0x00007ffbde24a000 	C:\WINDOWS\SYSTEM32\VERSION.dll
0x00007ffbcc6c0000 - 0x00007ffbcc6e7000 	C:\WINDOWS\SYSTEM32\WINMM.dll
0x00007ffbccbb0000 - 0x00007ffbccbb9000 	C:\WINDOWS\SYSTEM32\WSOCK32.dll
0x00007ffbea6a0000 - 0x00007ffbea70b000 	C:\WINDOWS\System32\WS2_32.dll
0x00000000747b0000 - 0x00000000747bf000 	C:\Program Files\Java\jdk1.8.0_121\jre\bin\verify.dll
0x0000000074780000 - 0x00000000747a9000 	C:\Program Files\Java\jdk1.8.0_121\jre\bin\java.dll
0x0000000074760000 - 0x0000000074776000 	C:\Program Files\Java\jdk1.8.0_121\jre\bin\zip.dll
0x00007ffbeb000000 - 0x00007ffbeb744000 	C:\WINDOWS\System32\SHELL32.dll
0x00007ffbe7200000 - 0x00007ffbe7994000 	C:\WINDOWS\SYSTEM32\windows.storage.dll
0x00007ffbea130000 - 0x00007ffbea484000 	C:\WINDOWS\System32\combase.dll
0x00007ffbe8ae0000 - 0x00007ffbe8b0c000 	C:\WINDOWS\SYSTEM32\Wldp.dll
0x00007ffbe9c40000 - 0x00007ffbe9ced000 	C:\WINDOWS\System32\SHCORE.dll
0x00007ffbe9e80000 - 0x00007ffbe9ed5000 	C:\WINDOWS\System32\shlwapi.dll
0x00007ffbe90a0000 - 0x00007ffbe90bf000 	C:\WINDOWS\SYSTEM32\profapi.dll
0x0000000074750000 - 0x000000007475d000 	C:\Program Files\Java\jdk1.8.0_121\jre\bin\management.dll
0x0000000074730000 - 0x000000007474a000 	C:\Program Files\Java\jdk1.8.0_121\jre\bin\net.dll
0x00007ffbe88c0000 - 0x00007ffbe892a000 	C:\WINDOWS\system32\mswsock.dll
0x0000000074710000 - 0x0000000074721000 	C:\Program Files\Java\jdk1.8.0_121\jre\bin\nio.dll
0x00007ffbccb30000 - 0x00007ffbccb47000 	C:\WINDOWS\system32\napinsp.dll
0x00007ffbccb10000 - 0x00007ffbccb2b000 	C:\WINDOWS\system32\pnrpnsp.dll
0x00007ffbe0770000 - 0x00007ffbe0785000 	C:\WINDOWS\system32\wshbth.dll
0x00007ffbe2e60000 - 0x00007ffbe2e7d000 	C:\WINDOWS\system32\NLAapi.dll
0x00007ffbe8580000 - 0x00007ffbe85bb000 	C:\WINDOWS\SYSTEM32\IPHLPAPI.DLL
0x00007ffbe85d0000 - 0x00007ffbe869b000 	C:\WINDOWS\SYSTEM32\DNSAPI.dll
0x00007ffbeae70000 - 0x00007ffbeae78000 	C:\WINDOWS\System32\NSI.dll
0x00007ffbccaa0000 - 0x00007ffbccab2000 	C:\WINDOWS\System32\winrnr.dll
0x00007ffbde5c0000 - 0x00007ffbde5ca000 	C:\Windows\System32\rasadhlp.dll
0x00007ffbdef30000 - 0x00007ffbdefb0000 	C:\WINDOWS\System32\fwpuclnt.dll
0x00007ffbe91d0000 - 0x00007ffbe91f7000 	C:\WINDOWS\System32\bcrypt.dll
0x00007ffbe8b20000 - 0x00007ffbe8b38000 	C:\WINDOWS\SYSTEM32\CRYPTSP.dll
0x00007ffbe81f0000 - 0x00007ffbe8224000 	C:\WINDOWS\system32\rsaenh.dll
0x00007ffbe9020000 - 0x00007ffbe904e000 	C:\WINDOWS\SYSTEM32\USERENV.dll
0x00007ffbe9a10000 - 0x00007ffbe9a92000 	C:\WINDOWS\System32\bcryptprimitives.dll
0x00007ffbe8a50000 - 0x00007ffbe8a5c000 	C:\WINDOWS\SYSTEM32\CRYPTBASE.dll
0x00007ffbdf260000 - 0x00007ffbdf277000 	C:\WINDOWS\SYSTEM32\dhcpcsvc6.DLL
0x00007ffbdf240000 - 0x00007ffbdf25d000 	C:\WINDOWS\SYSTEM32\dhcpcsvc.DLL
0x00000000746e0000 - 0x0000000074704000 	C:\Program Files\Java\jdk1.8.0_121\jre\bin\sunec.dll

VM Arguments:
jvm_args: -Dcom.sun.management.jmxremote -Dcom.sun.management.jmxremote.port=64003 -Dcom.sun.management.jmxremote.authenticate=false -Dcom.sun.management.jmxremote.ssl=false -Dspring.liveBeansView.mbeanDomain -Dspring.application.admin.enabled=true -Dfile.encoding=UTF-8 
java_command: com.efacture.dev.EfactureApplication
java_class_path (initial): D:\POSTE ABI\Projets YACOUBA KONE\Projets 2021\Projets Efacture EasyCredit\EFacture\codes sources\DevRepertoire\BackEndEProd\target\classes;C:\Users\yacou.kone\.m2\repository\org\springframework\boot\spring-boot-starter-data-jpa\2.5.2\spring-boot-starter-data-jpa-2.5.2.jar;C:\Users\yacou.kone\.m2\repository\org\springframework\boot\spring-boot-starter-aop\2.5.2\spring-boot-starter-aop-2.5.2.jar;C:\Users\yacou.kone\.m2\repository\org\aspectj\aspectjweaver\1.9.6\aspectjweaver-1.9.6.jar;C:\Users\yacou.kone\.m2\repository\org\springframework\boot\spring-boot-starter-jdbc\2.5.2\spring-boot-starter-jdbc-2.5.2.jar;C:\Users\yacou.kone\.m2\repository\com\zaxxer\HikariCP\4.0.3\HikariCP-4.0.3.jar;C:\Users\yacou.kone\.m2\repository\org\springframework\spring-jdbc\5.3.8\spring-jdbc-5.3.8.jar;C:\Users\yacou.kone\.m2\repository\jakarta\transaction\jakarta.transaction-api\1.3.3\jakarta.transaction-api-1.3.3.jar;C:\Users\yacou.kone\.m2\repository\jakarta\persistence\jakarta.persistence-api\2.2.3\jakarta.persistence-api-2.2.3.jar;C:\Users\yacou.kone\.m2\repository\org\hibernate\hibernate-core\5.4.32.Final\hibernate-core-5.4.32.Final.jar;C:\Users\yacou.kone\.m2\repository\org\jboss\logging\jboss-logging\3.4.2.Final\jboss-logging-3.4.2.Final.jar;C:\Users\yacou.kone\.m2\repository\org\javassist\javassist\3.27.0-GA\javassist-3.27.0-GA.jar;C:\Users\yacou.kone\.m2\repository\net\bytebuddy\byte-buddy\1.10.22\byte-buddy-1.10.22.jar;C:\Users\yacou.kone\.m2\repository\antlr\antlr\2.7.7\antlr-2.7.7.jar;C:\Users\yacou.kone\.m2\repository\org\jboss\jandex\2.2.3.Final\jandex-2.2.3.Final.jar;C:\Users\yacou.kone\.m2\repository\org\dom4j\dom4j\2.1.3\dom4j-2.1.3.jar;C:\Users\yacou.kone\.m2\repository\org\hibernate\common\hibernate-commons-annotations\5.1.2.Final\hibernate-commons-annotations-5.1.2.Final.jar;C:\Users\yacou.kone\.m2\repository\org\glassfish\jaxb\jaxb-runtime\2.3.4\jaxb-runtime-2.3.4.jar;C:\Users\yacou.kone\.m2\repository\org\glassfish\jaxb\txw2\2.3.4\txw2-2.
Launcher Type: SUN_STANDARD

Environment Variables:
JAVA_HOME=C:\Program Files\Java\jdk1.8.0_65
PATH=C:\Oracle19C\bin;C:\OracleClient11G;C:\Oracle\product\11.2.0\dbhome_1\bin;C:\Oracle\product\11.2.0\client_1\bin;C:\Python39\Scripts\;C:\Python39\;C:\Program Files\Microsoft MPI\Bin\;C:\ProgramData\Oracle\Java\javapath;C:\DevSuiteHome_1\jdk\jre\bin\classic;C:\DevSuiteHome_1\jdk\jre\bin;C:\DevSuiteHome_1\jdk\jre\bin\client;C:\DevSuiteHome_1\jlib;C:\DevSuiteHome_1\bin;C:\DevSuiteHome_1\jre\1.4.2\bin\client;C:\DevSuiteHome_1\jre\1.4.2\bin;C:\Program Files\avs\bin;C:\Program Files\avs\bin32;C:\WINDOWS\system32;C:\WINDOWS;C:\WINDOWS\System32\Wbem;C:\WINDOWS\System32\WindowsPowerShell\v1.0\;C:\WINDOWS\System32\OpenSSH\;C:\Program Files (x86)\Kaspersky Lab\Endpoint Agent\;C:\Program Files\dotnet\;C:\Program Files\Microsoft SQL Server\130\Tools\Binn\;C:\Program Files\Microsoft SQL Server\Client SDK\ODBC\170\Tools\Binn\;C:\Program Files (x86)\Microsoft SQL Server\150\DTS\Binn\;C:\Program Files (x86)\Microsoft SQL Server\130\Tools\Binn\;C:\Program Files (x86)\Microsoft SQL Server\130\DTS\Binn\;C:\Program Files\Microsoft SQL Server\130\DTS\Binn\;C:\Program Files\Microsoft SQL Server\Client SDK\ODBC\130\Tools\Binn\;C:\Program Files\Git\cmd;C:\wamp64\bin\php\php7.4.9;C:\composer;C:\ProgramData\chocolatey\bin;C:\Maven2\apache-maven-3.8.3\bin;C:\Program Files\Java\jdk1.8.0_121\bin;C:\flutter\bin;C:\Program Files\nodejs\;C:\Users\yacou.kone\AppData\Local\Microsoft\WindowsApps;;C:\Users\yacou.kone\AppData\Local\Programs\Microsoft VS Code\bin;C:\Users\yacou.kone\.dotnet\tools;C:\Users\yacou.kone\AppData\Roaming\Composer\vendor\bin;C:\Users\yacou.kone\AppData\Roaming\npm
USERNAME=yacou.kone
OS=Windows_NT
PROCESSOR_IDENTIFIER=Intel64 Family 6 Model 142 Stepping 12, GenuineIntel



---------------  S Y S T E M  ---------------

OS: Windows 10.0 , 64 bit Build 19041 (10.0.19041.1741)

CPU:total 8 (4 cores per cpu, 2 threads per core) family 6 model 142 stepping 12, cmov, cx8, fxsr, mmx, sse, sse2, sse3, ssse3, sse4.1, sse4.2, popcnt, avx, avx2, aes, clmul, erms, 3dnowpref, lzcnt, ht, tsc, tscinvbit, bmi1, bmi2, adx

Memory: 4k page, physical 16522072k(3443572k free), swap 21764952k(5532k free)

vm_info: Java HotSpot(TM) 64-Bit Server VM (25.121-b13) for windows-amd64 JRE (1.8.0_121-b13), built on Dec 12 2016 18:21:36 by "java_re" with MS VC++ 10.0 (VS2010)

time: Mon Jun 13 22:31:29 2022
elapsed time: 18952 seconds (0d 5h 15m 52s)

